9-MYc3CKo0ddSQLwzpnI0w DONE - 0.667%
[Errno 2] No such file or directory: '/content/drive/MyDrive/Uni/Thesis/dataset/detection/PasadenaUrbanTrees/streetview/H739I4_W90na6O8T7OIsGA_z2.jpg'
H739I4_W90na6O8T7OIsGA DONE - 1.333%
mU1iwhthI2GiwjdxAPVdBQ DONE - 2.000%
nJQsx3lBnotrKSRVTT8TlA DONE - 2.667%
z_FSA_mC19LCQRmvRJaZIA DONE - 3.333%
1JidyX8YPefoiYrTq1a3xg DONE - 4.000%
yiLERJQJov40gvcyY_FwkQ DONE - 4.667%
Ig3Ml0kHazE_KI4qNe6NWQ DONE - 5.333%
iW0AIyg7dlUcgjyUZ519tg DONE - 6.000%
DsgtgSrg1Zg70VJUTa7G4g DONE - 6.667%
[Errno 2] No such file or directory: '/content/drive/MyDrive/Uni/Thesis/dataset/detection/PasadenaUrbanTrees/streetview/MKxOnKpbeTgW0I2CgDCfsA_z2.jpg'
MKxOnKpbeTgW0I2CgDCfsA DONE - 7.333%
6Xxni228cPt_jHkwNc6T9w DONE - 8.000%
[Errno 2] No such file or directory: '/content/drive/MyDrive/Uni/Thesis/dataset/detection/PasadenaUrbanTrees/streetview/t6NBjyvaaiFelukcQwK6Qg_z2.jpg'
t6NBjyvaaiFelukcQwK6Qg DONE - 8.667%
GaFLyKlL-06DarFdhrfuxg DONE - 9.333%
_bdaJCFKvJy6TmlKVrAD4w DONE - 10.000%
oh9pCPyxqVD-4a04GuM2dQ DONE - 10.667%
L4nmQ84crQPhd8NrbJZ8Ow DONE - 11.333%
8HL6s_5rTxzl8dvGoRWIww DONE - 12.000%
iNKV84FfEXGZiR8-R78DwA DONE - 12.667%
xTmwST1rL-BJ_8xRj3ig3w DONE - 13.333%
gLNGii0MztU_boSD514vJg DONE - 14.000%
Yd4c5JxVZ2wEAp_Wq-MsGw DONE - 14.667%
[Errno 2] No such file or directory: '/content/drive/MyDrive/Uni/Thesis/dataset/detection/PasadenaUrbanTrees/streetview/I1JKwk5s0RZvvR01zhlv8g_z2.jpg'
I1JKwk5s0RZvvR01zhlv8g DONE - 15.333%
2N9DIIG-9ry4ULEkUmmCAg DONE - 16.000%
[Errno 2] No such file or directory: '/content/drive/MyDrive/Uni/Thesis/dataset/detection/PasadenaUrbanTrees/streetview/sOeqSfVORMMB1ydL1vL0LQ_z2.jpg'
sOeqSfVORMMB1ydL1vL0LQ DONE - 16.667%
[Errno 2] No such file or directory: '/content/drive/MyDrive/Uni/Thesis/dataset/detection/PasadenaUrbanTrees/streetview/hpXlT5AE3hDtCQ0G7puUwg_z2.jpg'
hpXlT5AE3hDtCQ0G7puUwg DONE - 17.333%
MlQwPY-9P2JltztxLZ93eQ DONE - 18.000%
JxpS3Tl5V2_xh_5gHg6EQA DONE - 18.667%
[Errno 2] No such file or directory: '/content/drive/MyDrive/Uni/Thesis/dataset/detection/PasadenaUrbanTrees/streetview/z9oFGEo4c-RiQfGvQEeBcQ_z2.jpg'
z9oFGEo4c-RiQfGvQEeBcQ DONE - 19.333%
[Errno 2] No such file or directory: '/content/drive/MyDrive/Uni/Thesis/dataset/detection/PasadenaUrbanTrees/streetview/BuxTr-OcsRScpgyD_Sd_3Q_z2.jpg'
BuxTr-OcsRScpgyD_Sd_3Q DONE - 20.000%
FqmY1VXrUPwKMPj30o4Phg DONE - 20.667%
6FB6ziJpE_c-VimdhXrbNA DONE - 21.333%
[Errno 2] No such file or directory: '/content/drive/MyDrive/Uni/Thesis/dataset/detection/PasadenaUrbanTrees/streetview/IQ0TqQWgihyQSCfKIj8UzA_z2.jpg'
IQ0TqQWgihyQSCfKIj8UzA DONE - 22.000%
[Errno 2] No such file or directory: '/content/drive/MyDrive/Uni/Thesis/dataset/detection/PasadenaUrbanTrees/streetview/I7piepeqaWC12EFjkxmWQA_z2.jpg'
I7piepeqaWC12EFjkxmWQA DONE - 22.667%
9Hr3T3Uk9WMGfwr47TyxpQ DONE - 23.333%
[Errno 2] No such file or directory: '/content/drive/MyDrive/Uni/Thesis/dataset/detection/PasadenaUrbanTrees/streetview/LyIe_RnCTDAJlVWZQ7FSJA_z2.jpg'
LyIe_RnCTDAJlVWZQ7FSJA DONE - 24.000%
GbbSCd6YEJerEZi87hmFBQ DONE - 24.667%
[Errno 2] No such file or directory: '/content/drive/MyDrive/Uni/Thesis/dataset/detection/PasadenaUrbanTrees/streetview/WEPOk1u_eSHl3fzu1qoOQQ_z2.jpg'
WEPOk1u_eSHl3fzu1qoOQQ DONE - 25.333%
ZNYsetsfVoXGEIK0Y4MSDw DONE - 26.000%
hK7WYtdwHEd5dczRvSDORQ DONE - 26.667%
OZMmoqaQd3Fzg_4jOhJrUw DONE - 27.333%
Y8QMJFX3JhJObnpmaHEJug DONE - 28.000%
WyYJBouxwaDunOADPm-I_A DONE - 28.667%
M-k_tx4SxmyPy32m2eExkQ DONE - 29.333%
Nrt43GGZz_QClozjHuB4iA DONE - 30.000%
wD_ODMJaVpQMH3OGKxerOg DONE - 30.667%
[Errno 2] No such file or directory: '/content/drive/MyDrive/Uni/Thesis/dataset/detection/PasadenaUrbanTrees/streetview/1J_KUXuFUxb5sCOJt8kekQ_z2.jpg'
1J_KUXuFUxb5sCOJt8kekQ DONE - 31.333%
-Z341ahzzHGmkoFVWlXGYA DONE - 32.000%
WOMg_N_75e1yyJ6EiuyPNg DONE - 32.667%
FvtC5IEeZOZhKVNdjJjPwg DONE - 33.333%
O_EORW5s_lRJj7ne3gjx1w DONE - 34.000%
[Errno 2] No such file or directory: '/content/drive/MyDrive/Uni/Thesis/dataset/detection/PasadenaUrbanTrees/streetview/MWnS9oEmYviQcce8SXa8hw_z2.jpg'
MWnS9oEmYviQcce8SXa8hw DONE - 34.667%
AunJDhvxWDznD_DBY1NucA DONE - 35.333%
qDoXW13crpIs0lO7M6PURQ DONE - 36.000%
7XJERwze5R7cDYG4lJsJWA DONE - 36.667%
0rP0J9FwuSZQxnl9Y-27fg DONE - 37.333%
WcpZjZGwMGI1NGUvNwOhXw DONE - 38.000%
_YbKjYqr03ZlmJSu-T9shA DONE - 38.667%
aqwNeeEQPTkG4sXg-GPocA DONE - 39.333%
[Errno 2] No such file or directory: '/content/drive/MyDrive/Uni/Thesis/dataset/detection/PasadenaUrbanTrees/streetview/idqXnVKwc3wcUHtLrHKqUg_z2.jpg'
idqXnVKwc3wcUHtLrHKqUg DONE - 40.000%
[Errno 2] No such file or directory: '/content/drive/MyDrive/Uni/Thesis/dataset/detection/PasadenaUrbanTrees/streetview/dtaGX-cOMd4FELmTu_wgNA_z2.jpg'
dtaGX-cOMd4FELmTu_wgNA DONE - 40.667%
jXhRugPYfNFOI8mxYYngmA DONE - 41.333%
hNaz7farSXFUIZViyYmimg DONE - 42.000%
WF6w9E9Z7roxk0-dOnkjYA DONE - 42.667%
05WSHXIMqnTeP_P-8Fqv7A DONE - 43.333%
ltihVMgXX-S0Ww3ydJrVsQ DONE - 44.000%
zelT6qh4yq_bBUkfDA68fw DONE - 44.667%
4Y4eYg2GMV-GXCLwbnlq4w DONE - 45.333%
PO7NnNUyEk6FNjXAFMSN9A DONE - 46.000%
QsJMzb9WW8rCyE8-UyFYCw DONE - 46.667%
BA6OacfdkbeJxm2_vcxQgg DONE - 47.333%
OjBNGayxWRqh_JkRQZ94vg DONE - 48.000%
weoxYlPZWqQNG0HdjX0wdw DONE - 48.667%
DpM87-kBKqhKyGYXVe9hZg DONE - 49.333%
Yvy_g3UfP3WkTlitgu85lg DONE - 50.000%
[Errno 2] No such file or directory: '/content/drive/MyDrive/Uni/Thesis/dataset/detection/PasadenaUrbanTrees/streetview/bprEB_jsDnOzCQBADcSYEw_z2.jpg'
bprEB_jsDnOzCQBADcSYEw DONE - 50.667%
vwljKds9Sja9HLVKg5SxuQ DONE - 51.333%
y9er_O20OUUJoMmciholvA DONE - 52.000%
cCfAFgfBtaZEoDasTvzV6A DONE - 52.667%
[Errno 2] No such file or directory: '/content/drive/MyDrive/Uni/Thesis/dataset/detection/PasadenaUrbanTrees/streetview/4kNWpiNLUInoLEmWpm3X9A_z2.jpg'
4kNWpiNLUInoLEmWpm3X9A DONE - 53.333%
XY7_1ltLtRm4_Rt5Rgyatg DONE - 54.000%
EenJjVooopvNSPY_1SIrew DONE - 54.667%
CnxDV5kqJ55nBtk85SoWoA DONE - 55.333%
XE0uC16p3jR8OUGs2sXHjA DONE - 56.000%
[Errno 2] No such file or directory: '/content/drive/MyDrive/Uni/Thesis/dataset/detection/PasadenaUrbanTrees/streetview/q3kIJGB8aLxB3mSt264M7g_z2.jpg'
q3kIJGB8aLxB3mSt264M7g DONE - 56.667%
oFsks1tiXEmd47pO-6V4kA DONE - 57.333%
1n8ZeLy0XQu_93jtcVEQJQ DONE - 58.000%
KMIVh9TmOblOQ4rseEaV9w DONE - 58.667%
Rnop3-ki0jUvhPanXteymQ DONE - 59.333%
_RMjS5SO4pZdvM45uubG6w DONE - 60.000%
9pJhUzskOhIU83KvSFP55g DONE - 60.667%
LBwa3LNq8ReKaF3znSA20Q DONE - 61.333%
8uLqnZZwrRQn8okGMjO6eA DONE - 62.000%
8oN08DNrnGqL4I73poFq2A DONE - 62.667%
[Errno 2] No such file or directory: '/content/drive/MyDrive/Uni/Thesis/dataset/detection/PasadenaUrbanTrees/streetview/kdRxc4mEcAAe5KNmW3toWA_z2.jpg'
kdRxc4mEcAAe5KNmW3toWA DONE - 63.333%
QhP4xv2_5HIs0h_h-Esv2g DONE - 64.000%
[Errno 2] No such file or directory: '/content/drive/MyDrive/Uni/Thesis/dataset/detection/PasadenaUrbanTrees/streetview/tS7CIvhbgXMGLbUrA_GuUA_z2.jpg'
tS7CIvhbgXMGLbUrA_GuUA DONE - 64.667%
NQ76lXS-2yuz4-abwRfXHw DONE - 65.333%
RDr9XeTsfdR0nwV53N_8nQ DONE - 66.000%
HkSr71t5TnHdW5CfLw4Vxw DONE - 66.667%
[Errno 2] No such file or directory: '/content/drive/MyDrive/Uni/Thesis/dataset/detection/PasadenaUrbanTrees/streetview/EqXennlGtxaYM0bqbJTRig_z2.jpg'
EqXennlGtxaYM0bqbJTRig DONE - 67.333%
tikLhFFr5_hYODJyPjhe0A DONE - 68.000%
Vfwja_HEmQnJZRF-HRnDgw DONE - 68.667%
zezWfOmPJXnjvhCYYIZBxQ DONE - 69.333%
0oB8z5S8i0H6XaFYLPZILQ DONE - 70.000%
[Errno 2] No such file or directory: '/content/drive/MyDrive/Uni/Thesis/dataset/detection/PasadenaUrbanTrees/streetview/zQudQOQZdMjp5ujmDlVDKQ_z2.jpg'
zQudQOQZdMjp5ujmDlVDKQ DONE - 70.667%
abS76yPsIZjEFXEDwAov0Q DONE - 71.333%
lD4mUPZZUaXl0wtLjjqe8A DONE - 72.000%
[Errno 2] No such file or directory: '/content/drive/MyDrive/Uni/Thesis/dataset/detection/PasadenaUrbanTrees/streetview/GKQl-4NnXtqCtvGHUhMiLg_z2.jpg'
GKQl-4NnXtqCtvGHUhMiLg DONE - 72.667%
VL0Yh6ntBshVS4sIWrrNxA DONE - 73.333%
PpvDIjWhpw8MGHvhhbv7Qg DONE - 74.000%
vc2F6lt_uWwvG8VEl2j-yQ DONE - 74.667%
pfYZTUJuP2L0Dx8xWWU6SA DONE - 75.333%
ymLzpsSzmvWIetCRk0TqUQ DONE - 76.000%
vS25TBq2QNzSLG0v0vKBuQ DONE - 76.667%
PXj_nhVusf9q_Krh1Du5nA DONE - 77.333%
[Errno 2] No such file or directory: '/content/drive/MyDrive/Uni/Thesis/dataset/detection/PasadenaUrbanTrees/streetview/XRTRXfaZv1owbAzXKOJfiw_z2.jpg'
XRTRXfaZv1owbAzXKOJfiw DONE - 78.000%
sg2_U9DEIhDuRGTTJdLhNA DONE - 78.667%
DY8XUxqNH7fEb-_8dLBhCw DONE - 79.333%
Aiq0yZu8NzgXJUNku0eabQ DONE - 80.000%
DpRLsr1bQ6liWBK250nvlg DONE - 80.667%
AVkUAoS7j31bRIyDZhfr1w DONE - 81.333%
[Errno 2] No such file or directory: '/content/drive/MyDrive/Uni/Thesis/dataset/detection/PasadenaUrbanTrees/streetview/m3egIEuzCuSbYU_-GgJTsQ_z2.jpg'
m3egIEuzCuSbYU_-GgJTsQ DONE - 82.000%
[Errno 2] No such file or directory: '/content/drive/MyDrive/Uni/Thesis/dataset/detection/PasadenaUrbanTrees/streetview/LAjMuKE_859e0fEk1mmbag_z2.jpg'
LAjMuKE_859e0fEk1mmbag DONE - 82.667%
GiHIBTRZ75aRBvc8qacozw DONE - 83.333%
N06ESe6VQgeG5QQ3YqPzxw DONE - 84.000%
3fyNLWaxS80zDkMzOiwIMA DONE - 84.667%
xKoMOpToXe3ymaexKqh1ww DONE - 85.333%
0Dbr1wlVFaYdYjaTuE4HVw DONE - 86.000%
gDOaSx6TTNtP5zlPFMCn3w DONE - 86.667%
M9N2bmbJlMN9NKq6ywFsWw DONE - 87.333%
pcpy9t_00XZVmYLi1KPriw DONE - 88.000%
dIPlKEGq_J1zNcBzI7x4ow DONE - 88.667%
w3xs4PnnQ-MEJMZJTcJR8w DONE - 89.333%
APbeduHBL7cRFHK5dI8dvA DONE - 90.000%
xHze3sQw8QHB5iksbVVUwg DONE - 90.667%
[Errno 2] No such file or directory: '/content/drive/MyDrive/Uni/Thesis/dataset/detection/PasadenaUrbanTrees/streetview/RHEjUeC_4DlV9tKpwsOkTA_z2.jpg'
RHEjUeC_4DlV9tKpwsOkTA DONE - 91.333%
[Errno 2] No such file or directory: '/content/drive/MyDrive/Uni/Thesis/dataset/detection/PasadenaUrbanTrees/streetview/6phFbheHfb6em8nrRvmqkQ_z2.jpg'
6phFbheHfb6em8nrRvmqkQ DONE - 92.000%
qqOwlqaTfFXRWdFioG1GSQ DONE - 92.667%
1LwkxP5k5q3EaAGSJ4XdsA DONE - 93.333%
1WzYA8O8AI99GnBycanFPw DONE - 94.000%
Imr2Ved8rJsglfiiPp8aVA DONE - 94.667%
x4iiEPO1g1DLax1pom6eGQ DONE - 95.333%
Rrb8DnQky7bTrt2lxfsYLA DONE - 96.000%
[Errno 2] No such file or directory: '/content/drive/MyDrive/Uni/Thesis/dataset/detection/PasadenaUrbanTrees/streetview/h5o355h64gLZcM_o0NrTaQ_z2.jpg'
h5o355h64gLZcM_o0NrTaQ DONE - 96.667%
Uk3r4UNPSy850mC45RJ8UQ DONE - 97.333%
9ssbMKtPVpSEBfr7UkHz4g DONE - 98.000%
[Errno 2] No such file or directory: '/content/drive/MyDrive/Uni/Thesis/dataset/detection/PasadenaUrbanTrees/streetview/dzECRpuimHwrxA8kXzY3Mg_z2.jpg'
dzECRpuimHwrxA8kXzY3Mg DONE - 98.667%
[Errno 2] No such file or directory: '/content/drive/MyDrive/Uni/Thesis/dataset/detection/PasadenaUrbanTrees/streetview/4cKVxsqi-F2iGXt2jowpkQ_z2.jpg'
4cKVxsqi-F2iGXt2jowpkQ DONE - 99.333%
5p6oijRzTdnyT5nSsYyEOw DONE - 100.000%
